<?xml version="1.0" encoding="UTF-8"?>
<!-- Generated by org.testng.reporters.JUnitReportReporter -->
<testsuite hostname="DESKTOP-J1BNB1Q" failures="0" tests="1" name="com.Practies.PrintAll_ProIDTest" time="5.842" errors="0" timestamp="2022-05-02T14:47:16 IST" skipped="0">
  <testcase classname="com.Practies.PrintAll_ProIDTest" name="PrintAll_ProID" time="5.842"/>
  <system-out/>
</testsuite> <!-- com.Practies.PrintAll_ProIDTest -->
