<?xml version="1.0" encoding="UTF-8"?>
<!-- Generated by org.testng.reporters.JUnitReportReporter -->
<testsuite hostname="DESKTOP-J1BNB1Q" failures="0" tests="1" name="com.rmgyantra.CRUD_Without_BDD.CreatingTheProjectTest" time="3.704" errors="0" timestamp="2022-03-31T22:51:55 IST" skipped="0">
  <testcase classname="com.rmgyantra.CRUD_Without_BDD.CreatingTheProjectTest" name="creatingTheProject" time="3.704"/>
  <system-out/>
</testsuite> <!-- com.rmgyantra.CRUD_Without_BDD.CreatingTheProjectTest -->
