<?xml version="1.0" encoding="UTF-8"?>
<!-- Generated by org.testng.reporters.JUnitReportReporter -->
<testsuite hostname="DESKTOP-J1BNB1Q" failures="0" tests="1" name="com.rmgyantra.CRUD_differentwaytocreatPost.POJOTest" time="3.946" errors="0" timestamp="22 Mar 2022 12:31:30 GMT" skipped="0">
  <testcase classname="com.rmgyantra.CRUD_differentwaytocreatPost.POJOTest" name="pojotest" time="3.946"/>
</testsuite> <!-- com.rmgyantra.CRUD_differentwaytocreatPost.POJOTest -->
