<?xml version="1.0" encoding="UTF-8"?>
<!-- Generated by org.testng.reporters.JUnitReportReporter -->
<testsuite hostname="DESKTOP-J1BNB1Q" failures="0" tests="1" name="com.rmgyantra.Validation.HamcrestMachesTest" time="4.634" errors="0" timestamp="2022-03-31T23:45:01 IST" skipped="0">
  <testcase classname="com.rmgyantra.Validation.HamcrestMachesTest" name="hamcrestMaches" time="4.634"/>
  <system-out/>
</testsuite> <!-- com.rmgyantra.Validation.HamcrestMachesTest -->
