<?xml version="1.0" encoding="UTF-8"?>
<!-- Generated by org.testng.reporters.JUnitReportReporter -->
<testsuite hostname="DESKTOP-J1BNB1Q" failures="0" tests="2" name="com.rmgyantra.CRUD_differentwaytocreatPost.POJOMultipleProjectsTest" time="3.491" errors="0" timestamp="23 Mar 2022 10:21:39 GMT" skipped="0">
  <testcase classname="com.rmgyantra.CRUD_differentwaytocreatPost.POJOMultipleProjectsTest" name="pojoMultipleProjects" time="3.351"/>
  <testcase classname="com.rmgyantra.CRUD_differentwaytocreatPost.POJOMultipleProjectsTest" name="pojoMultipleProjects" time="0.140"/>
</testsuite> <!-- com.rmgyantra.CRUD_differentwaytocreatPost.POJOMultipleProjectsTest -->
