<?xml version="1.0" encoding="UTF-8"?>
<!-- Generated by org.testng.reporters.JUnitReportReporter -->
<testsuite hostname="DESKTOP-J1BNB1Q" failures="0" tests="1" name="com.rmgyantra.CRUD_differentwaytocreatPost.CreatProjectUsingJsonFileTest" time="3.371" errors="0" timestamp="2022-03-26T22:46:09 IST" skipped="0">
  <testcase classname="com.rmgyantra.CRUD_differentwaytocreatPost.CreatProjectUsingJsonFileTest" name="creatProjectUsingJsonfile" time="3.371"/>
  <system-out/>
</testsuite> <!-- com.rmgyantra.CRUD_differentwaytocreatPost.CreatProjectUsingJsonFileTest -->
