<?xml version="1.0" encoding="UTF-8"?>
<!-- Generated by org.testng.reporters.JUnitReportReporter -->
<testsuite hostname="DESKTOP-J1BNB1Q" failures="0" tests="1" name="com.rmgyantra.RequestChaining.RequestTest" time="3.951" errors="0" timestamp="23 Mar 2022 12:34:24 GMT" skipped="0">
  <testcase classname="com.rmgyantra.RequestChaining.RequestTest" name="requestget" time="3.951"/>
</testsuite> <!-- com.rmgyantra.RequestChaining.RequestTest -->
