<?xml version="1.0" encoding="UTF-8"?>
<!-- Generated by org.testng.reporters.JUnitReportReporter -->
<testsuite hostname="DESKTOP-J1BNB1Q" failures="0" tests="1" name="com.rmgyantra.Authentication.OauthTest" time="5.360" errors="0" timestamp="2022-04-02T22:24:08 IST" skipped="0">
  <testcase classname="com.rmgyantra.Authentication.OauthTest" name="oauth" time="5.360"/>
  <system-out/>
</testsuite> <!-- com.rmgyantra.Authentication.OauthTest -->
