<?xml version="1.0" encoding="UTF-8"?>
<!-- Generated by org.testng.reporters.JUnitReportReporter -->
<testsuite hostname="DESKTOP-J1BNB1Q" failures="0" tests="1" name="com.rmgyantra.CRUD_with_BDD.CompleatUpdateProjectTest" time="3.708" errors="0" timestamp="22 Mar 2022 11:07:19 GMT" skipped="0">
  <testcase classname="com.rmgyantra.CRUD_with_BDD.CompleatUpdateProjectTest" name="compleatUpdate" time="3.708"/>
</testsuite> <!-- com.rmgyantra.CRUD_with_BDD.CompleatUpdateProjectTest -->
