<?xml version="1.0" encoding="UTF-8"?>
<!-- Generated by org.testng.reporters.JUnitReportReporter -->
<testsuite hostname="DESKTOP-J1BNB1Q" failures="0" tests="1" name="com.rmgyantra.Authentication.BearerTokenTest" time="3.618" errors="0" timestamp="24 Mar 2022 10:18:05 GMT" skipped="0">
  <testcase classname="com.rmgyantra.Authentication.BearerTokenTest" name="besicAuth" time="3.618"/>
</testsuite> <!-- com.rmgyantra.Authentication.BearerTokenTest -->
