<?xml version="1.0" encoding="UTF-8"?>
<!-- Generated by org.testng.reporters.JUnitReportReporter -->
<testsuite hostname="DESKTOP-J1BNB1Q" failures="0" tests="1" name="com.rmgyantra.Parameters.GitHubParameterTest" time="3.515" errors="0" timestamp="23 Mar 2022 12:10:16 GMT" skipped="0">
  <testcase classname="com.rmgyantra.Parameters.GitHubParameterTest" name="githubParameter" time="3.515"/>
</testsuite> <!-- com.rmgyantra.Parameters.GitHubParameterTest -->
