<?xml version="1.0" encoding="UTF-8"?>
<!-- Generated by org.testng.reporters.JUnitReportReporter -->
<testsuite hostname="DESKTOP-J1BNB1Q" failures="0" tests="1" name="com.rmgyantra.Parameters.PathParameterTest" time="2.942" errors="0" timestamp="2022-03-27T12:54:02 IST" skipped="0">
  <testcase classname="com.rmgyantra.Parameters.PathParameterTest" name="pathParameter" time="2.942"/>
  <system-out/>
</testsuite> <!-- com.rmgyantra.Parameters.PathParameterTest -->
