<?xml version="1.0" encoding="UTF-8"?>
<!-- Generated by org.testng.reporters.JUnitReportReporter -->
<testsuite hostname="DESKTOP-J1BNB1Q" failures="0" tests="1" name="com.rmgyantra.Validation.PractiesTest" time="3.496" errors="0" timestamp="2022-03-31T23:39:48 IST" skipped="0">
  <testcase classname="com.rmgyantra.Validation.PractiesTest" name="practies" time="3.496"/>
  <system-out/>
</testsuite> <!-- com.rmgyantra.Validation.PractiesTest -->
