<?xml version="1.0" encoding="UTF-8"?>
<!-- Generated by org.testng.reporters.JUnitReportReporter -->
<testsuite hostname="DESKTOP-J1BNB1Q" failures="0" tests="1" name="com.rmgyantra.CRUD_with_BDD.PartialUpdateProjectTest" time="4.961" errors="0" timestamp="22 Mar 2022 11:17:49 GMT" skipped="0">
  <testcase classname="com.rmgyantra.CRUD_with_BDD.PartialUpdateProjectTest" name="partialupdate" time="4.961"/>
</testsuite> <!-- com.rmgyantra.CRUD_with_BDD.PartialUpdateProjectTest -->
