<?xml version="1.0" encoding="UTF-8"?>
<!-- Generated by org.testng.reporters.JUnitReportReporter -->
<testsuite hostname="DESKTOP-J1BNB1Q" failures="0" tests="1" name="com.rmgyantra.Parameters.QueryParameterTest" time="3.012" errors="0" timestamp="23 Mar 2022 11:53:00 GMT" skipped="0">
  <testcase classname="com.rmgyantra.Parameters.QueryParameterTest" name="queryParameter" time="3.012"/>
</testsuite> <!-- com.rmgyantra.Parameters.QueryParameterTest -->
