<?xml version="1.0" encoding="UTF-8"?>
<!-- Generated by org.testng.reporters.JUnitReportReporter -->
<testsuite hostname="DESKTOP-J1BNB1Q" failures="0" tests="1" name="com.rmgyantra.Validation.StaticValidationResponceTest" time="4.276" errors="0" timestamp="2022-03-27T11:04:20 IST" skipped="0">
  <testcase classname="com.rmgyantra.Validation.StaticValidationResponceTest" name="staticValidationResponce" time="4.276"/>
  <system-out/>
</testsuite> <!-- com.rmgyantra.Validation.StaticValidationResponceTest -->
