<?xml version="1.0" encoding="UTF-8"?>
<!-- Generated by org.testng.reporters.JUnitReportReporter -->
<testsuite hostname="DESKTOP-J1BNB1Q" failures="0" tests="1" name="com.rmgyantra.CRUD_with_BDD.GetProjectTest" time="5.754" errors="0" timestamp="2022-04-23T17:12:18 IST" skipped="0">
  <testcase classname="com.rmgyantra.CRUD_with_BDD.GetProjectTest" name="getproject" time="5.754"/>
  <system-out/>
</testsuite> <!-- com.rmgyantra.CRUD_with_BDD.GetProjectTest -->
