<?xml version="1.0" encoding="UTF-8"?>
<!-- Generated by org.testng.reporters.JUnitReportReporter -->
<testsuite hostname="DESKTOP-J1BNB1Q" failures="0" tests="1" name="com.Practies.Serialization" time="0.427" errors="0" timestamp="2022-05-02T15:05:32 IST" skipped="0">
  <testcase classname="com.Practies.Serialization" name="serialization" time="0.427"/>
  <system-out/>
</testsuite> <!-- com.Practies.Serialization -->
