<?xml version="1.0" encoding="UTF-8"?>
<!-- Generated by org.testng.reporters.JUnitReportReporter -->
<testsuite hostname="DESKTOP-J1BNB1Q" failures="0" tests="1" name="com.rmgyantra.Validation.DynamicValidationResponceTest" time="3.544" errors="0" timestamp="23 Mar 2022 11:23:45 GMT" skipped="0">
  <testcase classname="com.rmgyantra.Validation.DynamicValidationResponceTest" name="dynamicValidationResponceTest" time="3.544"/>
</testsuite> <!-- com.rmgyantra.Validation.DynamicValidationResponceTest -->
