<?xml version="1.0" encoding="UTF-8"?>
<!-- Generated by org.testng.reporters.JUnitReportReporter -->
<testsuite hostname="DESKTOP-J1BNB1Q" failures="0" tests="1" name="com.rmgyantra.CRUD_Without_BDD.PartiallyUpdateTheProjectTest" time="4.296" errors="0" timestamp="21 Mar 2022 12:20:39 GMT" skipped="0">
  <testcase classname="com.rmgyantra.CRUD_Without_BDD.PartiallyUpdateTheProjectTest" name="partiallyUpdateTheProject" time="4.296"/>
</testsuite> <!-- com.rmgyantra.CRUD_Without_BDD.PartiallyUpdateTheProjectTest -->
